mode: atomic
github.com/mateusmacedo/vibranium/specification/and.go:12.105,14.2 1 20
github.com/mateusmacedo/vibranium/specification/and.go:19.63,20.31 1 20
github.com/mateusmacedo/vibranium/specification/and.go:20.31,21.37 1 44
github.com/mateusmacedo/vibranium/specification/and.go:21.37,23.4 1 9
github.com/mateusmacedo/vibranium/specification/and.go:25.2,25.13 1 11
github.com/mateusmacedo/vibranium/specification/builder.go:16.87,18.2 1 18
github.com/mateusmacedo/vibranium/specification/builder.go:25.128,26.18 1 27
github.com/mateusmacedo/vibranium/specification/builder.go:26.18,28.3 1 2
github.com/mateusmacedo/vibranium/specification/builder.go:29.2,29.16 1 25
github.com/mateusmacedo/vibranium/specification/builder.go:29.16,32.3 2 6
github.com/mateusmacedo/vibranium/specification/builder.go:33.2,34.10 2 19
github.com/mateusmacedo/vibranium/specification/builder.go:41.118,42.17 1 16
github.com/mateusmacedo/vibranium/specification/builder.go:42.17,44.3 1 4
github.com/mateusmacedo/vibranium/specification/builder.go:45.2,45.38 1 12
github.com/mateusmacedo/vibranium/specification/builder.go:52.104,53.17 1 5
github.com/mateusmacedo/vibranium/specification/builder.go:53.17,55.3 1 1
github.com/mateusmacedo/vibranium/specification/builder.go:56.2,56.32 1 4
github.com/mateusmacedo/vibranium/specification/builder.go:56.32,58.3 1 1
github.com/mateusmacedo/vibranium/specification/builder.go:59.2,63.46 5 3
github.com/mateusmacedo/vibranium/specification/builder.go:72.103,73.17 1 6
github.com/mateusmacedo/vibranium/specification/builder.go:73.17,75.3 1 1
github.com/mateusmacedo/vibranium/specification/builder.go:76.2,76.32 1 5
github.com/mateusmacedo/vibranium/specification/builder.go:76.32,78.3 1 3
github.com/mateusmacedo/vibranium/specification/builder.go:79.2,82.46 4 2
github.com/mateusmacedo/vibranium/specification/builder.go:87.74,88.18 1 4
github.com/mateusmacedo/vibranium/specification/builder.go:88.18,90.3 1 1
github.com/mateusmacedo/vibranium/specification/builder.go:91.2,91.32 1 3
github.com/mateusmacedo/vibranium/specification/builder.go:91.32,94.3 2 1
github.com/mateusmacedo/vibranium/specification/builder.go:95.2,98.10 4 2
github.com/mateusmacedo/vibranium/specification/builder.go:105.78,106.18 1 18
github.com/mateusmacedo/vibranium/specification/builder.go:106.18,108.3 1 7
github.com/mateusmacedo/vibranium/specification/builder.go:109.2,109.32 1 11
github.com/mateusmacedo/vibranium/specification/builder.go:109.32,111.3 1 1
github.com/mateusmacedo/vibranium/specification/builder.go:112.2,112.32 1 10
github.com/mateusmacedo/vibranium/specification/builder.go:112.32,114.3 1 8
github.com/mateusmacedo/vibranium/specification/builder.go:115.2,115.57 1 2
github.com/mateusmacedo/vibranium/specification/not.go:12.101,14.2 1 16
github.com/mateusmacedo/vibranium/specification/not.go:18.63,20.2 1 11
github.com/mateusmacedo/vibranium/specification/or.go:13.103,15.2 1 21
github.com/mateusmacedo/vibranium/specification/or.go:20.62,21.34 1 18
github.com/mateusmacedo/vibranium/specification/or.go:21.34,22.42 1 25
github.com/mateusmacedo/vibranium/specification/or.go:22.42,24.10 1 11
github.com/mateusmacedo/vibranium/specification/or.go:26.5,26.17 1 7
